<?xml version="1.0" encoding="UTF-8"?>
<testsuite xmlns:xsi="http://www.w3.org/2001/XMLSchema-instance" xsi:noNamespaceSchemaLocation="https://maven.apache.org/surefire/maven-surefire-plugin/xsd/surefire-test-report-3.0.xsd" version="3.0" name="org.sonar.samples.javascript.checks.OtherForbiddenFunctionUseCheckTest" time="0.021" tests="1" errors="0" skipped="0" failures="0">
  <properties>
    <property name="sun.desktop" value="windows"/>
    <property name="awt.toolkit" value="sun.awt.windows.WToolkit"/>
    <property name="java.specification.version" value="12"/>
    <property name="sun.cpu.isalist" value="amd64"/>
    <property name="sun.jnu.encoding" value="Cp1252"/>
    <property name="java.class.path" value="C:\Users\pflamant\Desktop\javascript-custom-rules\target\test-classes;C:\Users\pflamant\Desktop\javascript-custom-rules\target\classes;C:\Users\pflamant\.m2\repository\org\sonarsource\sonarqube\sonar-plugin-api\7.6\sonar-plugin-api-7.6.jar;C:\Users\pflamant\.m2\repository\org\sonarsource\javascript\javascript-frontend\4.2.0.6476\javascript-frontend-4.2.0.6476.jar;C:\Users\pflamant\.m2\repository\commons-lang\commons-lang\2.6\commons-lang-2.6.jar;C:\Users\pflamant\.m2\repository\com\google\guava\guava\19.0\guava-19.0.jar;C:\Users\pflamant\.m2\repository\org\sonarsource\sslr\sslr-core\1.22\sslr-core-1.22.jar;C:\Users\pflamant\.m2\repository\com\google\code\findbugs\jsr305\1.3.9\jsr305-1.3.9.jar;C:\Users\pflamant\.m2\repository\cglib\cglib-nodep\3.2.5\cglib-nodep-3.2.5.jar;C:\Users\pflamant\.m2\repository\org\sonarsource\sslr-squid-bridge\sslr-squid-bridge\2.7.0.377\sslr-squid-bridge-2.7.0.377.jar;C:\Users\pflamant\.m2\repository\com\google\code\gson\gson\2.6.2\gson-2.6.2.jar;C:\Users\pflamant\.m2\repository\org\sonarsource\javascript\javascript-checks-testkit\4.2.0.6476\javascript-checks-testkit-4.2.0.6476.jar;C:\Users\pflamant\.m2\repository\commons-io\commons-io\2.5\commons-io-2.5.jar;C:\Users\pflamant\.m2\repository\org\assertj\assertj-core\3.5.2\assertj-core-3.5.2.jar;C:\Users\pflamant\.m2\repository\junit\junit\4.12\junit-4.12.jar;C:\Users\pflamant\.m2\repository\org\hamcrest\hamcrest-core\1.3\hamcrest-core-1.3.jar;"/>
    <property name="java.vm.vendor" value="Oracle Corporation"/>
    <property name="sun.arch.data.model" value="64"/>
    <property name="user.variant" value=""/>
    <property name="java.vendor.url" value="https://java.oracle.com/"/>
    <property name="user.timezone" value="Europe/Paris"/>
    <property name="os.name" value="Windows 10"/>
    <property name="java.vm.specification.version" value="12"/>
    <property name="sun.java.launcher" value="SUN_STANDARD"/>
    <property name="user.country" value="FR"/>
    <property name="sun.boot.library.path" value="C:\Program Files\Java\jdk-12.0.2\bin"/>
    <property name="sun.java.command" value="C:\Users\pflamant\AppData\Local\Temp\surefire13037962854383487616\surefirebooter4543249746149712731.jar C:\Users\pflamant\AppData\Local\Temp\surefire13037962854383487616 2019-09-03T17-05-30_222-jvmRun1 surefire16310064642793392317tmp surefire_02451306718324103299tmp"/>
    <property name="jdk.debug" value="release"/>
    <property name="surefire.test.class.path" value="C:\Users\pflamant\Desktop\javascript-custom-rules\target\test-classes;C:\Users\pflamant\Desktop\javascript-custom-rules\target\classes;C:\Users\pflamant\.m2\repository\org\sonarsource\sonarqube\sonar-plugin-api\7.6\sonar-plugin-api-7.6.jar;C:\Users\pflamant\.m2\repository\org\sonarsource\javascript\javascript-frontend\4.2.0.6476\javascript-frontend-4.2.0.6476.jar;C:\Users\pflamant\.m2\repository\commons-lang\commons-lang\2.6\commons-lang-2.6.jar;C:\Users\pflamant\.m2\repository\com\google\guava\guava\19.0\guava-19.0.jar;C:\Users\pflamant\.m2\repository\org\sonarsource\sslr\sslr-core\1.22\sslr-core-1.22.jar;C:\Users\pflamant\.m2\repository\com\google\code\findbugs\jsr305\1.3.9\jsr305-1.3.9.jar;C:\Users\pflamant\.m2\repository\cglib\cglib-nodep\3.2.5\cglib-nodep-3.2.5.jar;C:\Users\pflamant\.m2\repository\org\sonarsource\sslr-squid-bridge\sslr-squid-bridge\2.7.0.377\sslr-squid-bridge-2.7.0.377.jar;C:\Users\pflamant\.m2\repository\com\google\code\gson\gson\2.6.2\gson-2.6.2.jar;C:\Users\pflamant\.m2\repository\org\sonarsource\javascript\javascript-checks-testkit\4.2.0.6476\javascript-checks-testkit-4.2.0.6476.jar;C:\Users\pflamant\.m2\repository\commons-io\commons-io\2.5\commons-io-2.5.jar;C:\Users\pflamant\.m2\repository\org\assertj\assertj-core\3.5.2\assertj-core-3.5.2.jar;C:\Users\pflamant\.m2\repository\junit\junit\4.12\junit-4.12.jar;C:\Users\pflamant\.m2\repository\org\hamcrest\hamcrest-core\1.3\hamcrest-core-1.3.jar;"/>
    <property name="sun.cpu.endian" value="little"/>
    <property name="user.home" value="C:\Users\pflamant"/>
    <property name="user.language" value="fr"/>
    <property name="java.specification.vendor" value="Oracle Corporation"/>
    <property name="java.version.date" value="2019-07-16"/>
    <property name="java.home" value="C:\Program Files\Java\jdk-12.0.2"/>
    <property name="file.separator" value="\"/>
    <property name="basedir" value="C:\Users\pflamant\Desktop\javascript-custom-rules"/>
    <property name="java.vm.compressedOopsMode" value="Zero based"/>
    <property name="line.separator" value="&#10;"/>
    <property name="java.vm.specification.vendor" value="Oracle Corporation"/>
    <property name="java.specification.name" value="Java Platform API Specification"/>
    <property name="java.awt.graphicsenv" value="sun.awt.Win32GraphicsEnvironment"/>
    <property name="surefire.real.class.path" value="C:\Users\pflamant\AppData\Local\Temp\surefire13037962854383487616\surefirebooter4543249746149712731.jar"/>
    <property name="user.script" value=""/>
    <property name="sun.management.compiler" value="HotSpot 64-Bit Tiered Compilers"/>
    <property name="java.runtime.version" value="12.0.2+10"/>
    <property name="user.name" value="pflamant"/>
    <property name="path.separator" value=";"/>
    <property name="os.version" value="10.0"/>
    <property name="java.runtime.name" value="Java(TM) SE Runtime Environment"/>
    <property name="file.encoding" value="Cp1252"/>
    <property name="java.vm.name" value="Java HotSpot(TM) 64-Bit Server VM"/>
    <property name="localRepository" value="C:\Users\pflamant\.m2\repository"/>
    <property name="java.vendor.url.bug" value="https://bugreport.java.com/bugreport/"/>
    <property name="java.io.tmpdir" value="C:\Users\pflamant\AppData\Local\Temp\"/>
    <property name="java.version" value="12.0.2"/>
    <property name="user.dir" value="C:\Users\pflamant\Desktop\javascript-custom-rules"/>
    <property name="os.arch" value="amd64"/>
    <property name="java.vm.specification.name" value="Java Virtual Machine Specification"/>
    <property name="sun.os.patch.level" value=""/>
    <property name="java.library.path" value="C:\Program Files\Java\jdk-12.0.2\bin;C:\WINDOWS\Sun\Java\bin;C:\WINDOWS\system32;C:\WINDOWS;C:\Program Files\ImageMagick-7.0.8-Q16;C:\Program Files (x86)\Common Files\Oracle\Java\javapath;C:\ProgramData\Oracle\Java\javapath;C:\Program Files\NVIDIA GPU Computing Toolkit\CUDA\v9.0\bin;C:\Program Files\NVIDIA GPU Computing Toolkit\CUDA\v9.0\libnvvp;C:\ProgramData\Anaconda3;C:\ProgramData\Anaconda3\Library\mingw-w64\bin;C:\ProgramData\Anaconda3\Library\usr\bin;C:\ProgramData\Anaconda3\Library\bin;C:\ProgramData\Anaconda3\Scripts;C:\WINDOWS\system32;C:\WINDOWS;C:\WINDOWS\System32\Wbem;C:\WINDOWS\System32\WindowsPowerShell\v1.0\;C:\Program Files (x86)\NVIDIA Corporation\PhysX\Common;C:\Program Files (x86)\GtkSharp\2.12\bin;C:\Program Files (x86)\apache-maven-3.6.2\bin;C:\Program Files\dotnet\;C:\Program Files\Novell\iPrint;C:\Program Files\PuTTY\;C:\Program Files\nodejs\;C:\Program Files\Git\cmd;C:\Program Files\kubectl;C:\Program Files\helm\windows-amd64;C:\Program Files\IBM\Cloud\bin;C:\Program Files\Cloud Foundry;C:\Program Files\SCIPOptSuite 6.0.1\bin;C:\WINDOWS\system32;C:\WINDOWS;C:\WINDOWS\System32\Wbem;C:\WINDOWS\System32\WindowsPowerShell\v1.0\;C:\WINDOWS\System32\OpenSSH\;C:\Users\pflamant\AppData\Local\Microsoft\WindowsApps;C:\Users\pflamant\AppData\Roaming\npm;C:\Users\pflamant\AppData\Local\GitHubDesktop\bin;%USERPROFILE%\AppData\Local\Microsoft\WindowsApps;;."/>
    <property name="java.vm.info" value="mixed mode, sharing"/>
    <property name="java.vendor" value="Oracle Corporation"/>
    <property name="java.vm.version" value="12.0.2+10"/>
    <property name="sun.io.unicode.encoding" value="UnicodeLittle"/>
    <property name="java.class.version" value="56.0"/>
  </properties>
  <testcase name="test" classname="org.sonar.samples.javascript.checks.OtherForbiddenFunctionUseCheckTest" time="0.017"/>
</testsuite>